Reading pref.tcl

# 2020.1

# vsim -c work.hart_tb "+MEM=factorial_2.mem" -do "run -all; quit -f" 
# Start time: 10:33:53 on Mar 09,2026
# Loading work.hart_tb
# Loading work.hart
# Loading work.rf
# Loading work.fetch
# Loading work.decode
# Loading work.imm
# Loading work.execute
# Loading work.alu
# Loading work.adder
# Loading work.sll
# Loading work.slt
# Loading work.xor32
# Loading work.sr
# Loading work.or32
# Loading work.and32
# Loading work.memory
# Loading work.writeback
# run -all
# Loading program: factorial_2.mem
# Resetting hart.
# PC         Inst     rs1            rs2            [rd, load, store]
# [00000000] 00000000 r[ 0]=00000000 r[ 0]=00000000 TRAP 
# [00000000] 40000113 r[ 0]=00000000 r[--]=-------- w[ 2]=00000400 
# [00000000] 40000113 r[ 0]=00000000 r[--]=-------- w[ 2]=00000400 
# [00000000] 40000113 r[ 0]=00000000 r[--]=-------- w[ 2]=00000400 
# [00000000] 40000113 r[ 0]=00000000 r[--]=-------- w[ 2]=00000400 
# [00000004] 00200513 r[ 0]=00000000 r[--]=-------- w[10]=00000002 
# [00000004] 00200513 r[ 0]=00000000 r[--]=-------- w[10]=00000002 
# [00000004] 00200513 r[ 0]=00000000 r[--]=-------- w[10]=00000002 
# [00000004] 00200513 r[ 0]=00000000 r[--]=-------- w[10]=00000002 
# [00000004] 00200513 r[ 0]=00000000 r[--]=-------- w[10]=00000002 
# [00000008] 008000ef r[--]=-------- r[--]=-------- w[ 1]=0000000c 
# [00000008] 008000ef r[--]=-------- r[--]=-------- w[ 1]=0000000c 
# [00000008] 008000ef r[--]=-------- r[--]=-------- w[ 1]=0000000c 
# [00000008] 008000ef r[--]=-------- r[--]=-------- w[ 1]=0000000c 
# [00000008] 008000ef r[--]=-------- r[--]=-------- w[ 1]=0000000c 
# [00000010] ff810113 r[ 2]=00000400 r[--]=-------- w[ 2]=000003f8 
# [00000010] ff810113 r[ 2]=000003f8 r[--]=-------- w[ 2]=000003f0 
# [00000014] 00112223 r[ 2]=000003f0 r[ 1]=0000000c s[000003f4,1111]=0000000c 
# [00000014] 00112223 r[ 2]=000003f0 r[ 1]=0000000c s[000003f4,1111]=0000000c 
# [00000014] 00112223 r[ 2]=000003f0 r[ 1]=0000000c s[000003f4,1111]=0000000c 
# [00000014] 00112223 r[ 2]=000003f0 r[ 1]=0000000c s[000003f4,1111]=0000000c 
# [00000014] 00112223 r[ 2]=000003f0 r[ 1]=0000000c s[000003f4,1111]=0000000c 
# [00000018] 00a12023 r[ 2]=000003f0 r[10]=00000002 s[000003f0,1111]=00000002 
# [00000018] 00a12023 r[ 2]=000003f0 r[10]=00000002 s[000003f0,1111]=00000002 
# [00000018] 00a12023 r[ 2]=000003f0 r[10]=00000002 s[000003f0,1111]=00000002 
# [00000018] 00a12023 r[ 2]=000003f0 r[10]=00000002 s[000003f0,1111]=00000002 
# [00000018] 00a12023 r[ 2]=000003f0 r[10]=00000002 s[000003f0,1111]=00000002 
# [0000001c] 02050a63 r[10]=00000002 r[ 0]=00000000 
# [0000001c] 02050a63 r[10]=00000002 r[ 0]=00000000 
# [0000001c] 02050a63 r[10]=00000002 r[ 0]=00000000 
# [0000001c] 02050a63 r[10]=00000002 r[ 0]=00000000 
# [0000001c] 02050a63 r[10]=00000002 r[ 0]=00000000 
# [00000020] fff50513 r[10]=00000002 r[--]=-------- w[10]=00000001 
# [00000020] fff50513 r[10]=00000001 r[--]=-------- w[10]=00000000 
# [00000024] fedff0ef r[--]=-------- r[--]=-------- w[ 1]=00000028 
# [00000024] fedff0ef r[--]=-------- r[--]=-------- w[ 1]=00000028 
# [00000024] fedff0ef r[--]=-------- r[--]=-------- w[ 1]=00000028 
# [00000024] fedff0ef r[--]=-------- r[--]=-------- w[ 1]=00000028 
# [00000024] fedff0ef r[--]=-------- r[--]=-------- w[ 1]=00000028 
# [00000010] ff810113 r[ 2]=000003f0 r[--]=-------- w[ 2]=000003e8 
# [00000010] ff810113 r[ 2]=000003e8 r[--]=-------- w[ 2]=000003e0 
# [00000014] 00112223 r[ 2]=000003e0 r[ 1]=00000028 s[000003e4,1111]=00000028 
# [00000014] 00112223 r[ 2]=000003e0 r[ 1]=00000028 s[000003e4,1111]=00000028 
# [00000014] 00112223 r[ 2]=000003e0 r[ 1]=00000028 s[000003e4,1111]=00000028 
# [00000014] 00112223 r[ 2]=000003e0 r[ 1]=00000028 s[000003e4,1111]=00000028 
# [00000014] 00112223 r[ 2]=000003e0 r[ 1]=00000028 s[000003e4,1111]=00000028 
# [00000018] 00a12023 r[ 2]=000003e0 r[10]=00000000 s[000003e0,1111]=00000000 
# [00000018] 00a12023 r[ 2]=000003e0 r[10]=00000000 s[000003e0,1111]=00000000 
# [00000018] 00a12023 r[ 2]=000003e0 r[10]=00000000 s[000003e0,1111]=00000000 
# [00000018] 00a12023 r[ 2]=000003e0 r[10]=00000000 s[000003e0,1111]=00000000 
# [00000018] 00a12023 r[ 2]=000003e0 r[10]=00000000 s[000003e0,1111]=00000000 
# [0000001c] 02050a63 r[10]=00000000 r[ 0]=00000000 
# [0000001c] 02050a63 r[10]=00000000 r[ 0]=00000000 
# [0000001c] 02050a63 r[10]=00000000 r[ 0]=00000000 
# [0000001c] 02050a63 r[10]=00000000 r[ 0]=00000000 
# [0000001c] 02050a63 r[10]=00000000 r[ 0]=00000000 
# [00000050] 00100513 r[ 0]=00000000 r[--]=-------- w[10]=00000001 
# [00000050] 00100513 r[ 0]=00000000 r[--]=-------- w[10]=00000001 
# [00000050] 00100513 r[ 0]=00000000 r[--]=-------- w[10]=00000001 
# [00000050] 00100513 r[ 0]=00000000 r[--]=-------- w[10]=00000001 
# [00000050] 00100513 r[ 0]=00000000 r[--]=-------- w[10]=00000001 
# [00000054] 00412083 r[ 2]=000003e0 r[--]=-------- w[ 1]=00000028 l[000003e4,1111]=00000028 
# [00000054] 00412083 r[ 2]=000003e0 r[--]=-------- w[ 1]=00000028 l[000003e4,1111]=00000028 
# [00000054] 00412083 r[ 2]=000003e0 r[--]=-------- w[ 1]=00000028 l[000003e4,1111]=00000028 
# [00000054] 00412083 r[ 2]=000003e0 r[--]=-------- w[ 1]=00000028 l[000003e4,1111]=00000028 
# [00000054] 00412083 r[ 2]=000003e0 r[--]=-------- w[ 1]=xxxxxxxx l[000003e4,1111]=xxxxxxxx 
# [00000058] 00810113 r[ 2]=000003e0 r[--]=-------- w[ 2]=000003e8 
# [00000058] 00810113 r[ 2]=000003e8 r[--]=-------- w[ 2]=000003f0 
# [0000005c] 00008067 r[--]=-------- r[--]=-------- 
# [0000005c] 00008067 r[--]=-------- r[--]=-------- 
# [0000005c] 00008067 r[--]=-------- r[--]=-------- 
# [0000005c] 00008067 r[--]=-------- r[--]=-------- 
# [0000005c] 00008067 r[--]=-------- r[--]=-------- 
# [xxxxxxxX] xxxxxxxx r[ x]=xxxxxxxx r[ x]=xxxxxxxx 
# ** Note: $finish    : ./tb.v(181)
#    Time: 400 us  Iteration: 1  Instance: /hart_tb
# End time: 10:33:54 on Mar 09,2026, Elapsed time: 0:00:01
# Errors: 0, Warnings: 0

