Reading pref.tcl

# 2020.1

# vsim -c work.hart_tb "+MEM=sort.mem" -do "run -all; quit -f" 
# Start time: 10:34:05 on Mar 09,2026
# Loading work.hart_tb
# Loading work.hart
# Loading work.rf
# Loading work.fetch
# Loading work.decode
# Loading work.imm
# Loading work.execute
# Loading work.alu
# Loading work.adder
# Loading work.sll
# Loading work.slt
# Loading work.xor32
# Loading work.sr
# Loading work.or32
# Loading work.and32
# Loading work.memory
# Loading work.writeback
# run -all
# Loading program: sort.mem
# Resetting hart.
# PC         Inst     rs1            rs2            [rd, load, store]
# [00000000] 00000000 r[ 0]=00000000 r[ 0]=00000000 TRAP 
# [00000000] 000052b7 r[--]=-------- r[--]=-------- w[ 5]=00005000 
# [00000000] 000052b7 r[--]=-------- r[--]=-------- w[ 5]=00005000 
# [00000000] 000052b7 r[--]=-------- r[--]=-------- w[ 5]=00005000 
# [00000000] 000052b7 r[--]=-------- r[--]=-------- w[ 5]=00005000 
# [00000004] d0b28293 r[ 5]=00005000 r[--]=-------- w[ 5]=00004d0b 
# [00000004] d0b28293 r[ 5]=00004d0b r[--]=-------- w[ 5]=00004a16 
# [00000008] 10502023 r[ 0]=00000000 r[ 5]=00004a16 s[00000100,1111]=00004a16 
# [00000008] 10502023 r[ 0]=00000000 r[ 5]=00004a16 s[00000100,1111]=00004a16 
# [00000008] 10502023 r[ 0]=00000000 r[ 5]=00004a16 s[00000100,1111]=00004a16 
# [00000008] 10502023 r[ 0]=00000000 r[ 5]=00004a16 s[00000100,1111]=00004a16 
# [00000008] 10502023 r[ 0]=00000000 r[ 5]=00004a16 s[00000100,1111]=00004a16 
# [0000000c] 000072b7 r[--]=-------- r[--]=-------- w[ 5]=00007000 
# [0000000c] 000072b7 r[--]=-------- r[--]=-------- w[ 5]=00007000 
# [0000000c] 000072b7 r[--]=-------- r[--]=-------- w[ 5]=00007000 
# [0000000c] 000072b7 r[--]=-------- r[--]=-------- w[ 5]=00007000 
# [0000000c] 000072b7 r[--]=-------- r[--]=-------- w[ 5]=00007000 
# [00000010] 41e28293 r[ 5]=00007000 r[--]=-------- w[ 5]=0000741e 
# [00000010] 41e28293 r[ 5]=0000741e r[--]=-------- w[ 5]=0000783c 
# [00000014] 10502223 r[ 0]=00000000 r[ 5]=0000783c s[00000104,1111]=0000783c 
# [00000014] 10502223 r[ 0]=00000000 r[ 5]=0000783c s[00000104,1111]=0000783c 
# [00000014] 10502223 r[ 0]=00000000 r[ 5]=0000783c s[00000104,1111]=0000783c 
# [00000014] 10502223 r[ 0]=00000000 r[ 5]=0000783c s[00000104,1111]=0000783c 
# [00000014] 10502223 r[ 0]=00000000 r[ 5]=0000783c s[00000104,1111]=0000783c 
# [00000018] 000022b7 r[--]=-------- r[--]=-------- w[ 5]=00002000 
# [00000018] 000022b7 r[--]=-------- r[--]=-------- w[ 5]=00002000 
# [00000018] 000022b7 r[--]=-------- r[--]=-------- w[ 5]=00002000 
# [00000018] 000022b7 r[--]=-------- r[--]=-------- w[ 5]=00002000 
# [00000018] 000022b7 r[--]=-------- r[--]=-------- w[ 5]=00002000 
# [0000001c] ecd28293 r[ 5]=00002000 r[--]=-------- w[ 5]=00001ecd 
# [0000001c] ecd28293 r[ 5]=00001ecd r[--]=-------- w[ 5]=00001d9a 
# [00000020] 10502423 r[ 0]=00000000 r[ 5]=00001d9a s[00000108,1111]=00001d9a 
# [00000020] 10502423 r[ 0]=00000000 r[ 5]=00001d9a s[00000108,1111]=00001d9a 
# [00000020] 10502423 r[ 0]=00000000 r[ 5]=00001d9a s[00000108,1111]=00001d9a 
# [00000020] 10502423 r[ 0]=00000000 r[ 5]=00001d9a s[00000108,1111]=00001d9a 
# [00000020] 10502423 r[ 0]=00000000 r[ 5]=00001d9a s[00000108,1111]=00001d9a 
# [00000024] 0000f2b7 r[--]=-------- r[--]=-------- w[ 5]=0000f000 
# [00000024] 0000f2b7 r[--]=-------- r[--]=-------- w[ 5]=0000f000 
# [00000024] 0000f2b7 r[--]=-------- r[--]=-------- w[ 5]=0000f000 
# [00000024] 0000f2b7 r[--]=-------- r[--]=-------- w[ 5]=0000f000 
# [00000024] 0000f2b7 r[--]=-------- r[--]=-------- w[ 5]=0000f000 
# [00000028] 78028293 r[ 5]=0000f000 r[--]=-------- w[ 5]=0000f780 
# [00000028] 78028293 r[ 5]=0000f780 r[--]=-------- w[ 5]=0000ff00 
# [0000002c] 10502623 r[ 0]=00000000 r[ 5]=0000ff00 s[0000010c,1111]=0000ff00 
# [0000002c] 10502623 r[ 0]=00000000 r[ 5]=0000ff00 s[0000010c,1111]=0000ff00 
# [0000002c] 10502623 r[ 0]=00000000 r[ 5]=0000ff00 s[0000010c,1111]=0000ff00 
# [0000002c] 10502623 r[ 0]=00000000 r[ 5]=0000ff00 s[0000010c,1111]=0000ff00 
# [0000002c] 10502623 r[ 0]=00000000 r[ 5]=0000ff00 s[0000010c,1111]=0000ff00 
# [00000030] 000042b7 r[--]=-------- r[--]=-------- w[ 5]=00004000 
# [00000030] 000042b7 r[--]=-------- r[--]=-------- w[ 5]=00004000 
# [00000030] 000042b7 r[--]=-------- r[--]=-------- w[ 5]=00004000 
# [00000030] 000042b7 r[--]=-------- r[--]=-------- w[ 5]=00004000 
# [00000030] 000042b7 r[--]=-------- r[--]=-------- w[ 5]=00004000 
# [00000034] d5828293 r[ 5]=00004000 r[--]=-------- w[ 5]=00003d58 
# [00000034] d5828293 r[ 5]=00003d58 r[--]=-------- w[ 5]=00003ab0 
# [00000038] 10502823 r[ 0]=00000000 r[ 5]=00003ab0 s[00000110,1111]=00003ab0 
# [00000038] 10502823 r[ 0]=00000000 r[ 5]=00003ab0 s[00000110,1111]=00003ab0 
# [00000038] 10502823 r[ 0]=00000000 r[ 5]=00003ab0 s[00000110,1111]=00003ab0 
# [00000038] 10502823 r[ 0]=00000000 r[ 5]=00003ab0 s[00000110,1111]=00003ab0 
# [00000038] 10502823 r[ 0]=00000000 r[ 5]=00003ab0 s[00000110,1111]=00003ab0 
# [0000003c] 000022b7 r[--]=-------- r[--]=-------- w[ 5]=00002000 
# [0000003c] 000022b7 r[--]=-------- r[--]=-------- w[ 5]=00002000 
# [0000003c] 000022b7 r[--]=-------- r[--]=-------- w[ 5]=00002000 
# [0000003c] 000022b7 r[--]=-------- r[--]=-------- w[ 5]=00002000 
# [0000003c] 000022b7 r[--]=-------- r[--]=-------- w[ 5]=00002000 
# [00000040] 03c28293 r[ 5]=00002000 r[--]=-------- w[ 5]=0000203c 
# [00000040] 03c28293 r[ 5]=0000203c r[--]=-------- w[ 5]=00002078 
# [00000044] 10502a23 r[ 0]=00000000 r[ 5]=00002078 s[00000114,1111]=00002078 
# [00000044] 10502a23 r[ 0]=00000000 r[ 5]=00002078 s[00000114,1111]=00002078 
# [00000044] 10502a23 r[ 0]=00000000 r[ 5]=00002078 s[00000114,1111]=00002078 
# [00000044] 10502a23 r[ 0]=00000000 r[ 5]=00002078 s[00000114,1111]=00002078 
# [00000044] 10502a23 r[ 0]=00000000 r[ 5]=00002078 s[00000114,1111]=00002078 
# [00000048] 000042b7 r[--]=-------- r[--]=-------- w[ 5]=00004000 
# [00000048] 000042b7 r[--]=-------- r[--]=-------- w[ 5]=00004000 
# [00000048] 000042b7 r[--]=-------- r[--]=-------- w[ 5]=00004000 
# [00000048] 000042b7 r[--]=-------- r[--]=-------- w[ 5]=00004000 
# [00000048] 000042b7 r[--]=-------- r[--]=-------- w[ 5]=00004000 
# [0000004c] a4b28293 r[ 5]=00004000 r[--]=-------- w[ 5]=00003a4b 
# [0000004c] a4b28293 r[ 5]=00003a4b r[--]=-------- w[ 5]=00003496 
# [00000050] 10502c23 r[ 0]=00000000 r[ 5]=00003496 s[00000118,1111]=00003496 
# [00000050] 10502c23 r[ 0]=00000000 r[ 5]=00003496 s[00000118,1111]=00003496 
# [00000050] 10502c23 r[ 0]=00000000 r[ 5]=00003496 s[00000118,1111]=00003496 
# [00000050] 10502c23 r[ 0]=00000000 r[ 5]=00003496 s[00000118,1111]=00003496 
# [00000050] 10502c23 r[ 0]=00000000 r[ 5]=00003496 s[00000118,1111]=00003496 
# [00000054] 000102b7 r[--]=-------- r[--]=-------- w[ 5]=00010000 
# [00000054] 000102b7 r[--]=-------- r[--]=-------- w[ 5]=00010000 
# [00000054] 000102b7 r[--]=-------- r[--]=-------- w[ 5]=00010000 
# [00000054] 000102b7 r[--]=-------- r[--]=-------- w[ 5]=00010000 
# [00000054] 000102b7 r[--]=-------- r[--]=-------- w[ 5]=00010000 
# [00000058] ae628293 r[ 5]=00010000 r[--]=-------- w[ 5]=0000fae6 
# [00000058] ae628293 r[ 5]=0000fae6 r[--]=-------- w[ 5]=0000f5cc 
# [0000005c] 10502e23 r[ 0]=00000000 r[ 5]=0000f5cc s[0000011c,1111]=0000f5cc 
# [0000005c] 10502e23 r[ 0]=00000000 r[ 5]=0000f5cc s[0000011c,1111]=0000f5cc 
# [0000005c] 10502e23 r[ 0]=00000000 r[ 5]=0000f5cc s[0000011c,1111]=0000f5cc 
# [0000005c] 10502e23 r[ 0]=00000000 r[ 5]=0000f5cc s[0000011c,1111]=0000f5cc 
# [0000005c] 10502e23 r[ 0]=00000000 r[ 5]=0000f5cc s[0000011c,1111]=0000f5cc 
# [00000060] 000032b7 r[--]=-------- r[--]=-------- w[ 5]=00003000 
# [00000060] 000032b7 r[--]=-------- r[--]=-------- w[ 5]=00003000 
# [00000060] 000032b7 r[--]=-------- r[--]=-------- w[ 5]=00003000 
# [00000060] 000032b7 r[--]=-------- r[--]=-------- w[ 5]=00003000 
# [00000060] 000032b7 r[--]=-------- r[--]=-------- w[ 5]=00003000 
# [00000064] c9628293 r[ 5]=00003000 r[--]=-------- w[ 5]=00002c96 
# [00000064] c9628293 r[ 5]=00002c96 r[--]=-------- w[ 5]=0000292c 
# [00000068] 12502023 r[ 0]=00000000 r[ 5]=0000292c s[00000120,1111]=0000292c 
# [00000068] 12502023 r[ 0]=00000000 r[ 5]=0000292c s[00000120,1111]=0000292c 
# [00000068] 12502023 r[ 0]=00000000 r[ 5]=0000292c s[00000120,1111]=0000292c 
# [00000068] 12502023 r[ 0]=00000000 r[ 5]=0000292c s[00000120,1111]=0000292c 
# [00000068] 12502023 r[ 0]=00000000 r[ 5]=0000292c s[00000120,1111]=0000292c 
# [0000006c] 000032b7 r[--]=-------- r[--]=-------- w[ 5]=00003000 
# [0000006c] 000032b7 r[--]=-------- r[--]=-------- w[ 5]=00003000 
# [0000006c] 000032b7 r[--]=-------- r[--]=-------- w[ 5]=00003000 
# [0000006c] 000032b7 r[--]=-------- r[--]=-------- w[ 5]=00003000 
# [0000006c] 000032b7 r[--]=-------- r[--]=-------- w[ 5]=00003000 
# [00000070] 3a428293 r[ 5]=00003000 r[--]=-------- w[ 5]=000033a4 
# [00000070] 3a428293 r[ 5]=000033a4 r[--]=-------- w[ 5]=00003748 
# [00000074] 12502223 r[ 0]=00000000 r[ 5]=00003748 s[00000124,1111]=00003748 
# [00000074] 12502223 r[ 0]=00000000 r[ 5]=00003748 s[00000124,1111]=00003748 
# [00000074] 12502223 r[ 0]=00000000 r[ 5]=00003748 s[00000124,1111]=00003748 
# [00000074] 12502223 r[ 0]=00000000 r[ 5]=00003748 s[00000124,1111]=00003748 
# [00000074] 12502223 r[ 0]=00000000 r[ 5]=00003748 s[00000124,1111]=00003748 
# [00000078] 0000e2b7 r[--]=-------- r[--]=-------- w[ 5]=0000e000 
# [00000078] 0000e2b7 r[--]=-------- r[--]=-------- w[ 5]=0000e000 
# [00000078] 0000e2b7 r[--]=-------- r[--]=-------- w[ 5]=0000e000 
# [00000078] 0000e2b7 r[--]=-------- r[--]=-------- w[ 5]=0000e000 
# [00000078] 0000e2b7 r[--]=-------- r[--]=-------- w[ 5]=0000e000 
# [0000007c] c5328293 r[ 5]=0000e000 r[--]=-------- w[ 5]=0000dc53 
# [0000007c] c5328293 r[ 5]=0000dc53 r[--]=-------- w[ 5]=0000d8a6 
# [00000080] 12502423 r[ 0]=00000000 r[ 5]=0000d8a6 s[00000128,1111]=0000d8a6 
# [00000080] 12502423 r[ 0]=00000000 r[ 5]=0000d8a6 s[00000128,1111]=0000d8a6 
# [00000080] 12502423 r[ 0]=00000000 r[ 5]=0000d8a6 s[00000128,1111]=0000d8a6 
# [00000080] 12502423 r[ 0]=00000000 r[ 5]=0000d8a6 s[00000128,1111]=0000d8a6 
# [00000080] 12502423 r[ 0]=00000000 r[ 5]=0000d8a6 s[00000128,1111]=0000d8a6 
# [00000084] 0000b2b7 r[--]=-------- r[--]=-------- w[ 5]=0000b000 
# [00000084] 0000b2b7 r[--]=-------- r[--]=-------- w[ 5]=0000b000 
# [00000084] 0000b2b7 r[--]=-------- r[--]=-------- w[ 5]=0000b000 
# [00000084] 0000b2b7 r[--]=-------- r[--]=-------- w[ 5]=0000b000 
# [00000084] 0000b2b7 r[--]=-------- r[--]=-------- w[ 5]=0000b000 
# [00000088] 94228293 r[ 5]=0000b000 r[--]=-------- w[ 5]=0000a942 
# [00000088] 94228293 r[ 5]=0000a942 r[--]=-------- w[ 5]=0000a284 
# [0000008c] 12502623 r[ 0]=00000000 r[ 5]=0000a284 s[0000012c,1111]=0000a284 
# [0000008c] 12502623 r[ 0]=00000000 r[ 5]=0000a284 s[0000012c,1111]=0000a284 
# [0000008c] 12502623 r[ 0]=00000000 r[ 5]=0000a284 s[0000012c,1111]=0000a284 
# [0000008c] 12502623 r[ 0]=00000000 r[ 5]=0000a284 s[0000012c,1111]=0000a284 
# [0000008c] 12502623 r[ 0]=00000000 r[ 5]=0000a284 s[0000012c,1111]=0000a284 
# [00000090] 000072b7 r[--]=-------- r[--]=-------- w[ 5]=00007000 
# [00000090] 000072b7 r[--]=-------- r[--]=-------- w[ 5]=00007000 
# [00000090] 000072b7 r[--]=-------- r[--]=-------- w[ 5]=00007000 
# [00000090] 000072b7 r[--]=-------- r[--]=-------- w[ 5]=00007000 
# [00000090] 000072b7 r[--]=-------- r[--]=-------- w[ 5]=00007000 
# [00000094] cd128293 r[ 5]=00007000 r[--]=-------- w[ 5]=00006cd1 
# [00000094] cd128293 r[ 5]=00006cd1 r[--]=-------- w[ 5]=000069a2 
# [00000098] 12502823 r[ 0]=00000000 r[ 5]=000069a2 s[00000130,1111]=000069a2 
# [00000098] 12502823 r[ 0]=00000000 r[ 5]=000069a2 s[00000130,1111]=000069a2 
# [00000098] 12502823 r[ 0]=00000000 r[ 5]=000069a2 s[00000130,1111]=000069a2 
# [00000098] 12502823 r[ 0]=00000000 r[ 5]=000069a2 s[00000130,1111]=000069a2 
# [00000098] 12502823 r[ 0]=00000000 r[ 5]=000069a2 s[00000130,1111]=000069a2 
# [0000009c] 000012b7 r[--]=-------- r[--]=-------- w[ 5]=00001000 
# [0000009c] 000012b7 r[--]=-------- r[--]=-------- w[ 5]=00001000 
# [0000009c] 000012b7 r[--]=-------- r[--]=-------- w[ 5]=00001000 
# [0000009c] 000012b7 r[--]=-------- r[--]=-------- w[ 5]=00001000 
# [0000009c] 000012b7 r[--]=-------- r[--]=-------- w[ 5]=00001000 
# [000000a0] a3628293 r[ 5]=00001000 r[--]=-------- w[ 5]=00000a36 
# [000000a0] a3628293 r[ 5]=00000a36 r[--]=-------- w[ 5]=0000046c 
# [000000a4] 12502a23 r[ 0]=00000000 r[ 5]=0000046c s[00000134,1111]=0000046c 
# [000000a4] 12502a23 r[ 0]=00000000 r[ 5]=0000046c s[00000134,1111]=0000046c 
# [000000a4] 12502a23 r[ 0]=00000000 r[ 5]=0000046c s[00000134,1111]=0000046c 
# [000000a4] 12502a23 r[ 0]=00000000 r[ 5]=0000046c s[00000134,1111]=0000046c 
# [000000a4] 12502a23 r[ 0]=00000000 r[ 5]=0000046c s[00000134,1111]=0000046c 
# [000000a8] 000012b7 r[--]=-------- r[--]=-------- w[ 5]=00001000 
# [000000a8] 000012b7 r[--]=-------- r[--]=-------- w[ 5]=00001000 
# [000000a8] 000012b7 r[--]=-------- r[--]=-------- w[ 5]=00001000 
# [000000a8] 000012b7 r[--]=-------- r[--]=-------- w[ 5]=00001000 
# [000000a8] 000012b7 r[--]=-------- r[--]=-------- w[ 5]=00001000 
# [000000ac] 1f028293 r[ 5]=00001000 r[--]=-------- w[ 5]=000011f0 
# [000000ac] 1f028293 r[ 5]=000011f0 r[--]=-------- w[ 5]=000013e0 
# [000000b0] 12502c23 r[ 0]=00000000 r[ 5]=000013e0 s[00000138,1111]=000013e0 
# [000000b0] 12502c23 r[ 0]=00000000 r[ 5]=000013e0 s[00000138,1111]=000013e0 
# [000000b0] 12502c23 r[ 0]=00000000 r[ 5]=000013e0 s[00000138,1111]=000013e0 
# [000000b0] 12502c23 r[ 0]=00000000 r[ 5]=000013e0 s[00000138,1111]=000013e0 
# [000000b0] 12502c23 r[ 0]=00000000 r[ 5]=000013e0 s[00000138,1111]=000013e0 
# [000000b4] 0000a2b7 r[--]=-------- r[--]=-------- w[ 5]=0000a000 
# [000000b4] 0000a2b7 r[--]=-------- r[--]=-------- w[ 5]=0000a000 
# [000000b4] 0000a2b7 r[--]=-------- r[--]=-------- w[ 5]=0000a000 
# [000000b4] 0000a2b7 r[--]=-------- r[--]=-------- w[ 5]=0000a000 
# [000000b4] 0000a2b7 r[--]=-------- r[--]=-------- w[ 5]=0000a000 
# [000000b8] ac328293 r[ 5]=0000a000 r[--]=-------- w[ 5]=00009ac3 
# [000000b8] ac328293 r[ 5]=00009ac3 r[--]=-------- w[ 5]=00009586 
# [000000bc] 12502e23 r[ 0]=00000000 r[ 5]=00009586 s[0000013c,1111]=00009586 
# [000000bc] 12502e23 r[ 0]=00000000 r[ 5]=00009586 s[0000013c,1111]=00009586 
# [000000bc] 12502e23 r[ 0]=00000000 r[ 5]=00009586 s[0000013c,1111]=00009586 
# [000000bc] 12502e23 r[ 0]=00000000 r[ 5]=00009586 s[0000013c,1111]=00009586 
# [000000bc] 12502e23 r[ 0]=00000000 r[ 5]=00009586 s[0000013c,1111]=00009586 
# [000000c0] 000032b7 r[--]=-------- r[--]=-------- w[ 5]=00003000 
# [000000c0] 000032b7 r[--]=-------- r[--]=-------- w[ 5]=00003000 
# [000000c0] 000032b7 r[--]=-------- r[--]=-------- w[ 5]=00003000 
# [000000c0] 000032b7 r[--]=-------- r[--]=-------- w[ 5]=00003000 
# [000000c0] 000032b7 r[--]=-------- r[--]=-------- w[ 5]=00003000 
# [000000c4] b0a28293 r[ 5]=00003000 r[--]=-------- w[ 5]=00002b0a 
# [000000c4] b0a28293 r[ 5]=00002b0a r[--]=-------- w[ 5]=00002614 
# [000000c8] 14502023 r[ 0]=00000000 r[ 5]=00002614 s[00000140,1111]=00002614 
# [000000c8] 14502023 r[ 0]=00000000 r[ 5]=00002614 s[00000140,1111]=00002614 
# [000000c8] 14502023 r[ 0]=00000000 r[ 5]=00002614 s[00000140,1111]=00002614 
# [000000c8] 14502023 r[ 0]=00000000 r[ 5]=00002614 s[00000140,1111]=00002614 
# [000000c8] 14502023 r[ 0]=00000000 r[ 5]=00002614 s[00000140,1111]=00002614 
# [000000cc] 000012b7 r[--]=-------- r[--]=-------- w[ 5]=00001000 
# [000000cc] 000012b7 r[--]=-------- r[--]=-------- w[ 5]=00001000 
# [000000cc] 000012b7 r[--]=-------- r[--]=-------- w[ 5]=00001000 
# [000000cc] 000012b7 r[--]=-------- r[--]=-------- w[ 5]=00001000 
# [000000cc] 000012b7 r[--]=-------- r[--]=-------- w[ 5]=00001000 
# [000000d0] aca28293 r[ 5]=00001000 r[--]=-------- w[ 5]=00000aca 
# [000000d0] aca28293 r[ 5]=00000aca r[--]=-------- w[ 5]=00000594 
# [000000d4] 14502223 r[ 0]=00000000 r[ 5]=00000594 s[00000144,1111]=00000594 
# [000000d4] 14502223 r[ 0]=00000000 r[ 5]=00000594 s[00000144,1111]=00000594 
# [000000d4] 14502223 r[ 0]=00000000 r[ 5]=00000594 s[00000144,1111]=00000594 
# [000000d4] 14502223 r[ 0]=00000000 r[ 5]=00000594 s[00000144,1111]=00000594 
# [000000d4] 14502223 r[ 0]=00000000 r[ 5]=00000594 s[00000144,1111]=00000594 
# [000000d8] 0000d2b7 r[--]=-------- r[--]=-------- w[ 5]=0000d000 
# [000000d8] 0000d2b7 r[--]=-------- r[--]=-------- w[ 5]=0000d000 
# [000000d8] 0000d2b7 r[--]=-------- r[--]=-------- w[ 5]=0000d000 
# [000000d8] 0000d2b7 r[--]=-------- r[--]=-------- w[ 5]=0000d000 
# [000000d8] 0000d2b7 r[--]=-------- r[--]=-------- w[ 5]=0000d000 
# [000000dc] a4e28293 r[ 5]=0000d000 r[--]=-------- w[ 5]=0000ca4e 
# [000000dc] a4e28293 r[ 5]=0000ca4e r[--]=-------- w[ 5]=0000c49c 
# [000000e0] 14502423 r[ 0]=00000000 r[ 5]=0000c49c s[00000148,1111]=0000c49c 
# [000000e0] 14502423 r[ 0]=00000000 r[ 5]=0000c49c s[00000148,1111]=0000c49c 
# [000000e0] 14502423 r[ 0]=00000000 r[ 5]=0000c49c s[00000148,1111]=0000c49c 
# [000000e0] 14502423 r[ 0]=00000000 r[ 5]=0000c49c s[00000148,1111]=0000c49c 
# [000000e0] 14502423 r[ 0]=00000000 r[ 5]=0000c49c s[00000148,1111]=0000c49c 
# [000000e4] 0000f2b7 r[--]=-------- r[--]=-------- w[ 5]=0000f000 
# [000000e4] 0000f2b7 r[--]=-------- r[--]=-------- w[ 5]=0000f000 
# [000000e4] 0000f2b7 r[--]=-------- r[--]=-------- w[ 5]=0000f000 
# [000000e4] 0000f2b7 r[--]=-------- r[--]=-------- w[ 5]=0000f000 
# [000000e4] 0000f2b7 r[--]=-------- r[--]=-------- w[ 5]=0000f000 
# [000000e8] 3aa28293 r[ 5]=0000f000 r[--]=-------- w[ 5]=0000f3aa 
# [000000e8] 3aa28293 r[ 5]=0000f3aa r[--]=-------- w[ 5]=0000f754 
# [000000ec] 14502623 r[ 0]=00000000 r[ 5]=0000f754 s[0000014c,1111]=0000f754 
# [000000ec] 14502623 r[ 0]=00000000 r[ 5]=0000f754 s[0000014c,1111]=0000f754 
# [000000ec] 14502623 r[ 0]=00000000 r[ 5]=0000f754 s[0000014c,1111]=0000f754 
# [000000ec] 14502623 r[ 0]=00000000 r[ 5]=0000f754 s[0000014c,1111]=0000f754 
# [000000ec] 14502623 r[ 0]=00000000 r[ 5]=0000f754 s[0000014c,1111]=0000f754 
# [000000f0] 01300f93 r[ 0]=00000000 r[--]=-------- w[31]=00000013 
# [000000f0] 01300f93 r[ 0]=00000000 r[--]=-------- w[31]=00000013 
# [000000f0] 01300f93 r[ 0]=00000000 r[--]=-------- w[31]=00000013 
# [000000f0] 01300f93 r[ 0]=00000000 r[--]=-------- w[31]=00000013 
# [000000f0] 01300f93 r[ 0]=00000000 r[--]=-------- w[31]=00000013 
# [000000f4] 01f04463 r[ 0]=00000000 r[31]=00000013 
# [000000f4] 01f04463 r[ 0]=00000000 r[31]=00000013 
# [000000f4] 01f04463 r[ 0]=00000000 r[31]=00000013 
# [000000f4] 01f04463 r[ 0]=00000000 r[31]=00000013 
# [000000f4] 01f04463 r[ 0]=00000000 r[31]=00000013 
# [000000fc] 10000393 r[ 0]=00000000 r[--]=-------- w[ 7]=00000100 
# [000000fc] 10000393 r[ 0]=00000000 r[--]=-------- w[ 7]=00000100 
# [000000fc] 10000393 r[ 0]=00000000 r[--]=-------- w[ 7]=00000100 
# [000000fc] 10000393 r[ 0]=00000000 r[--]=-------- w[ 7]=00000100 
# [000000fc] 10000393 r[ 0]=00000000 r[--]=-------- w[ 7]=00000100 
# [00000100] 10400e13 r[ 0]=00000000 r[--]=-------- w[28]=00000104 
# [00000100] 10400e13 r[ 0]=00000000 r[--]=-------- w[28]=00000104 
# [00000100] 10400e13 r[ 0]=00000000 r[--]=-------- w[28]=00000104 
# [00000100] 10400e13 r[ 0]=00000000 r[--]=-------- w[28]=00000104 
# [00000100] 10400e13 r[ 0]=00000000 r[--]=-------- w[28]=00000104 
# [00000104] 000f8e93 r[31]=00000013 r[--]=-------- w[29]=00000013 
# [00000104] 000f8e93 r[31]=00000013 r[--]=-------- w[29]=00000013 
# [00000104] 000f8e93 r[31]=00000013 r[--]=-------- w[29]=00000013 
# [00000104] 000f8e93 r[31]=00000013 r[--]=-------- w[29]=00000013 
# [00000104] 000f8e93 r[31]=00000013 r[--]=-------- w[29]=00000013 
# [00000108] 020e8c63 r[29]=00000013 r[ 0]=00000000 
# [00000108] 020e8c63 r[29]=00000013 r[ 0]=00000000 
# [00000108] 020e8c63 r[29]=00000013 r[ 0]=00000000 
# [00000108] 020e8c63 r[29]=00000013 r[ 0]=00000000 
# [00000108] 020e8c63 r[29]=00000013 r[ 0]=00000000 
# [0000010c] 0003a283 r[ 7]=00000100 r[--]=-------- w[ 5]=00004a16 l[00000100,1111]=00004a16 
# [0000010c] 0003a283 r[ 7]=00000100 r[--]=-------- w[ 5]=00004a16 l[00000100,1111]=00004a16 
# [0000010c] 0003a283 r[ 7]=00000100 r[--]=-------- w[ 5]=00004a16 l[00000100,1111]=00004a16 
# [0000010c] 0003a283 r[ 7]=00000100 r[--]=-------- w[ 5]=00004a16 l[00000100,1111]=00004a16 
# [0000010c] 0003a283 r[ 7]=00000100 r[--]=-------- w[ 5]=0000783c l[00000100,1111]=0000783c 
# [00000110] 000e2303 r[28]=00000104 r[--]=-------- w[ 6]=0000783c l[00000104,1111]=0000783c 
# [00000110] 000e2303 r[28]=00000104 r[--]=-------- w[ 6]=0000783c l[00000104,1111]=0000783c 
# [00000110] 000e2303 r[28]=00000104 r[--]=-------- w[ 6]=0000783c l[00000104,1111]=0000783c 
# [00000110] 000e2303 r[28]=00000104 r[--]=-------- w[ 6]=0000783c l[00000104,1111]=0000783c 
# [00000110] 000e2303 r[28]=00000104 r[--]=-------- w[ 6]=xxxxxxxx l[00000104,1111]=xxxxxxxx 
# [00000114] 00536a63 r[ 6]=xxxxxxxx r[ 5]=0000783c 
# [00000114] 00536a63 r[ 6]=xxxxxxxx r[ 5]=0000783c 
# [00000114] 00536a63 r[ 6]=xxxxxxxx r[ 5]=0000783c 
# [00000114] 00536a63 r[ 6]=xxxxxxxx r[ 5]=0000783c 
# [00000114] 00536a63 r[ 6]=xxxxxxxx r[ 5]=0000783c 
# [000001X8] xxxxxxxx r[ x]=xxxxxxxx r[ x]=xxxxxxxx 
# ** Note: $finish    : ./tb.v(181)
#    Time: 400 us  Iteration: 1  Instance: /hart_tb
# End time: 10:34:06 on Mar 09,2026, Elapsed time: 0:00:01
# Errors: 0, Warnings: 0

