Reading pref.tcl

# 2020.1

# vsim -c work.hart_tb "+MEM=06memory.mem" -do "run -all; quit -f" 
# Start time: 10:33:51 on Mar 09,2026
# Loading work.hart_tb
# Loading work.hart
# Loading work.rf
# Loading work.fetch
# Loading work.decode
# Loading work.imm
# Loading work.execute
# Loading work.alu
# Loading work.adder
# Loading work.sll
# Loading work.slt
# Loading work.xor32
# Loading work.sr
# Loading work.or32
# Loading work.and32
# Loading work.memory
# Loading work.writeback
# run -all
# Loading program: 06memory.mem
# Resetting hart.
# PC         Inst     rs1            rs2            [rd, load, store]
# [00000000] 00000000 r[ 0]=00000000 r[ 0]=00000000 TRAP 
# [00000000] 10000413 r[ 0]=00000000 r[--]=-------- w[ 8]=00000100 
# [00000000] 10000413 r[ 0]=00000000 r[--]=-------- w[ 8]=00000100 
# [00000000] 10000413 r[ 0]=00000000 r[--]=-------- w[ 8]=00000100 
# [00000000] 10000413 r[ 0]=00000000 r[--]=-------- w[ 8]=00000100 
# [00000004] 07c000ef r[--]=-------- r[--]=-------- w[ 1]=00000008 
# [00000004] 07c000ef r[--]=-------- r[--]=-------- w[ 1]=00000008 
# [00000004] 07c000ef r[--]=-------- r[--]=-------- w[ 1]=00000008 
# [00000004] 07c000ef r[--]=-------- r[--]=-------- w[ 1]=00000008 
# [00000004] 07c000ef r[--]=-------- r[--]=-------- w[ 1]=00000008 
# [00000080] 00000293 r[ 0]=00000000 r[--]=-------- w[ 5]=00000000 
# [00000080] 00000293 r[ 0]=00000000 r[--]=-------- w[ 5]=00000000 
# [00000080] 00000293 r[ 0]=00000000 r[--]=-------- w[ 5]=00000000 
# [00000080] 00000293 r[ 0]=00000000 r[--]=-------- w[ 5]=00000000 
# [00000080] 00000293 r[ 0]=00000000 r[--]=-------- w[ 5]=00000000 
# [00000084] 00000313 r[ 0]=00000000 r[--]=-------- w[ 6]=00000000 
# [00000084] 00000313 r[ 0]=00000000 r[--]=-------- w[ 6]=00000000 
# [00000084] 00000313 r[ 0]=00000000 r[--]=-------- w[ 6]=00000000 
# [00000084] 00000313 r[ 0]=00000000 r[--]=-------- w[ 6]=00000000 
# [00000084] 00000313 r[ 0]=00000000 r[--]=-------- w[ 6]=00000000 
# [00000088] 00000393 r[ 0]=00000000 r[--]=-------- w[ 7]=00000000 
# [00000088] 00000393 r[ 0]=00000000 r[--]=-------- w[ 7]=00000000 
# [00000088] 00000393 r[ 0]=00000000 r[--]=-------- w[ 7]=00000000 
# [00000088] 00000393 r[ 0]=00000000 r[--]=-------- w[ 7]=00000000 
# [00000088] 00000393 r[ 0]=00000000 r[--]=-------- w[ 7]=00000000 
# [0000008c] 00000e13 r[ 0]=00000000 r[--]=-------- w[28]=00000000 
# [0000008c] 00000e13 r[ 0]=00000000 r[--]=-------- w[28]=00000000 
# [0000008c] 00000e13 r[ 0]=00000000 r[--]=-------- w[28]=00000000 
# [0000008c] 00000e13 r[ 0]=00000000 r[--]=-------- w[28]=00000000 
# [0000008c] 00000e13 r[ 0]=00000000 r[--]=-------- w[28]=00000000 
# [00000090] 00042023 r[ 8]=00000100 r[ 0]=00000000 s[00000100,1111]=00000000 
# [00000090] 00042023 r[ 8]=00000100 r[ 0]=00000000 s[00000100,1111]=00000000 
# [00000090] 00042023 r[ 8]=00000100 r[ 0]=00000000 s[00000100,1111]=00000000 
# [00000090] 00042023 r[ 8]=00000100 r[ 0]=00000000 s[00000100,1111]=00000000 
# [00000090] 00042023 r[ 8]=00000100 r[ 0]=00000000 s[00000100,1111]=00000000 
# [00000094] 00008067 r[--]=-------- r[--]=-------- 
# [00000094] 00008067 r[--]=-------- r[--]=-------- 
# [00000094] 00008067 r[--]=-------- r[--]=-------- 
# [00000094] 00008067 r[--]=-------- r[--]=-------- 
# [00000094] 00008067 r[--]=-------- r[--]=-------- 
# [00000008] 123412b7 r[--]=-------- r[--]=-------- w[ 5]=12341000 
# [00000008] 123412b7 r[--]=-------- r[--]=-------- w[ 5]=12341000 
# [00000008] 123412b7 r[--]=-------- r[--]=-------- w[ 5]=12341000 
# [00000008] 123412b7 r[--]=-------- r[--]=-------- w[ 5]=12341000 
# [00000008] 123412b7 r[--]=-------- r[--]=-------- w[ 5]=12341000 
# [0000000c] 23428293 r[ 5]=12341000 r[--]=-------- w[ 5]=12341234 
# [0000000c] 23428293 r[ 5]=12341234 r[--]=-------- w[ 5]=12341468 
# [00000010] 00542023 r[ 8]=00000100 r[ 5]=12341468 s[00000100,1111]=12341468 
# [00000010] 00542023 r[ 8]=00000100 r[ 5]=12341468 s[00000100,1111]=12341468 
# [00000010] 00542023 r[ 8]=00000100 r[ 5]=12341468 s[00000100,1111]=12341468 
# [00000010] 00542023 r[ 8]=00000100 r[ 5]=12341468 s[00000100,1111]=12341468 
# [00000010] 00542023 r[ 8]=00000100 r[ 5]=12341468 s[00000100,1111]=12341468 
# [00000014] 00042303 r[ 8]=00000100 r[--]=-------- w[ 6]=12341468 l[00000100,1111]=12341468 
# [00000014] 00042303 r[ 8]=00000100 r[--]=-------- w[ 6]=12341468 l[00000100,1111]=12341468 
# [00000014] 00042303 r[ 8]=00000100 r[--]=-------- w[ 6]=12341468 l[00000100,1111]=12341468 
# [00000014] 00042303 r[ 8]=00000100 r[--]=-------- w[ 6]=12341468 l[00000100,1111]=12341468 
# [00000014] 00042303 r[ 8]=00000100 r[--]=-------- w[ 6]=xxxxxxxx l[00000100,1111]=xxxxxxxx 
# [00000018] 00200193 r[ 0]=00000000 r[--]=-------- w[ 3]=00000002 
# [00000018] 00200193 r[ 0]=00000000 r[--]=-------- w[ 3]=00000002 
# [00000018] 00200193 r[ 0]=00000000 r[--]=-------- w[ 3]=00000002 
# [00000018] 00200193 r[ 0]=00000000 r[--]=-------- w[ 3]=00000002 
# [00000018] 00200193 r[ 0]=00000000 r[--]=-------- w[ 3]=00000002 
# [0000001c] 04629c63 r[ 5]=12341468 r[ 6]=xxxxxxxx 
# [0000001c] 04629c63 r[ 5]=12341468 r[ 6]=xxxxxxxx 
# [0000001c] 04629c63 r[ 5]=12341468 r[ 6]=xxxxxxxx 
# [0000001c] 04629c63 r[ 5]=12341468 r[ 6]=xxxxxxxx 
# [0000001c] 04629c63 r[ 5]=12341468 r[ 6]=xxxxxxxx 
# [000000XX] xxxxxxxx r[ x]=xxxxxxxx r[ x]=xxxxxxxx 
# ** Note: $finish    : ./tb.v(181)
#    Time: 400 us  Iteration: 1  Instance: /hart_tb
# End time: 10:33:52 on Mar 09,2026, Elapsed time: 0:00:01
# Errors: 0, Warnings: 0

